<?xml version="1.0" encoding="UTF-8"?>
<testsuite xmlns:xsi="http://www.w3.org/2001/XMLSchema-instance" xsi:noNamespaceSchemaLocation="https://maven.apache.org/surefire/maven-surefire-plugin/xsd/surefire-test-report-3.0.xsd" version="3.0" name="com.cts.mc.product.controller.ProductControllerTest" time="22.691" tests="3" errors="0" skipped="0" failures="0">
  <properties>
[...]
</properties>
  <testcase name="addProductTest" classname="com.cts.mc.product.controller.ProductControllerTest" time="2.923"/>
  <testcase name="getProductByIdTest" classname="com.cts.mc.product.controller.ProductControllerTest" time="1.493"/>
  <testcase name="updateProductTest" classname="com.cts.mc.product.controller.ProductControllerTest" time="2.898"/>
</testsuite>